<?xml version="1.0" encoding="UTF-8"?>
<!-- Generated by org.testng.reporters.JUnitReportReporter -->
<testsuite hostname="LTIN244392" failures="0" tests="5" name="TestCases.TC_003_GiftCards" time="155.524" errors="0" timestamp="2024-02-15T18:55:45 IST" skipped="0">
  <testcase classname="TestCases.TC_003_GiftCards" name="searchbookshelves" time="40.341"/>
  <testcase classname="TestCases.TC_003_GiftCards" name="Items" time="15.638"/>
  <testcase classname="TestCases.TC_003_GiftCards" name="ClickGiftCards" time="68.066"/>
  <testcase classname="TestCases.TC_003_GiftCards" name="GetErrorMsg" time="11.149"/>
  <testcase classname="TestCases.TC_003_GiftCards" name="ValidateDetails" time="20.330"/>
</testsuite> <!-- TestCases.TC_003_GiftCards -->
